TN:
SF:app.js
FN:12,(anonymous_0)
FNF:1
FNH:0
FNDA:0,(anonymous_0)
DA:1,2
DA:3,2
DA:4,2
DA:6,2
DA:8,2
DA:10,2
DA:12,2
DA:13,0
DA:16,2
DA:18,2
LF:10
LH:9
BRF:0
BRH:0
end_of_record
TN:
SF:config\config.js
FNF:0
FNH:0
DA:1,2
LF:1
LH:1
BRF:0
BRH:0
end_of_record
TN:
SF:controllers\app.controller.js
FN:1,(anonymous_0)
FNF:1
FNH:1
FNDA:1,(anonymous_0)
DA:1,2
DA:2,1
LF:2
LH:2
BRF:0
BRH:0
end_of_record
TN:
SF:controllers\user.controller.js
FN:6,(anonymous_0)
FN:37,(anonymous_1)
FN:49,(anonymous_2)
FN:62,(anonymous_3)
FN:74,(anonymous_4)
FNF:5
FNH:2
FNDA:2,(anonymous_0)
FNDA:1,(anonymous_1)
FNDA:0,(anonymous_2)
FNDA:0,(anonymous_3)
FNDA:0,(anonymous_4)
DA:2,2
DA:3,2
DA:6,2
DA:7,2
DA:9,2
DA:13,2
DA:14,1
DA:17,1
DA:19,1
DA:20,1
DA:23,0
DA:25,0
DA:28,0
DA:37,2
DA:38,1
DA:41,1
DA:42,0
DA:45,1
DA:49,2
DA:50,0
DA:52,0
DA:54,0
DA:55,0
DA:58,0
DA:62,2
DA:63,0
DA:65,0
DA:67,0
DA:68,0
DA:71,0
DA:74,2
DA:75,0
DA:77,0
DA:80,0
DA:82,0
DA:83,0
DA:86,0
DA:94,0
LF:38
LH:17
BRDA:13,0,0,1
BRDA:13,0,1,1
BRDA:13,1,0,2
BRDA:13,1,1,2
BRDA:19,2,0,1
BRDA:19,2,1,0
BRDA:41,3,0,0
BRDA:41,3,1,1
BRDA:54,4,0,0
BRDA:54,4,1,0
BRDA:67,5,0,0
BRDA:67,5,1,0
BRDA:82,6,0,0
BRDA:82,6,1,0
BRF:14
BRH:6
end_of_record
TN:
SF:models\index.js
FN:20,(anonymous_0)
FN:23,(anonymous_1)
FN:28,(anonymous_2)
FNF:3
FNH:3
FNDA:4,(anonymous_0)
FNDA:2,(anonymous_1)
FNDA:2,(anonymous_2)
DA:3,2
DA:4,2
DA:5,2
DA:6,2
DA:7,2
DA:9,2
DA:10,2
DA:15,2
DA:18,2
DA:21,4
DA:24,2
DA:25,2
DA:28,2
DA:29,2
DA:30,2
DA:34,2
DA:35,2
DA:37,2
LF:18
LH:18
BRDA:21,0,0,4
BRDA:21,0,1,4
BRDA:21,0,2,2
BRDA:29,1,0,2
BRDA:29,1,1,0
BRF:5
BRH:4
end_of_record
TN:
SF:models\user.js
FN:5,(anonymous_0)
FN:8,(anonymous_1)
FNF:2
FNH:2
FNDA:2,(anonymous_0)
FNDA:2,(anonymous_1)
DA:4,2
DA:5,2
DA:11,2
DA:19,2
LF:4
LH:4
BRF:0
BRH:0
end_of_record
TN:
SF:routes\app.routes.js
FN:1,(anonymous_0)
FNF:1
FNH:1
FNDA:2,(anonymous_0)
DA:1,2
DA:2,2
DA:4,2
DA:5,2
DA:7,2
DA:8,2
DA:9,2
DA:10,2
DA:11,2
DA:12,2
DA:14,2
LF:11
LH:11
BRF:0
BRH:0
end_of_record
